<?xml version="1.0" encoding="UTF-8"?>
<!-- Generated by org.testng.reporters.JUnitReportReporter -->
<testsuite hostname="LAPTOP-KLN5B24I" failures="0" tests="1" name="scripts.Testcase1" time="32.036" errors="0" timestamp="2022-03-02T10:44:59 IST" skipped="0">
  <testcase classname="scripts.Testcase1" name="tc1" time="32.036"/>
  <system-out/>
</testsuite> <!-- scripts.Testcase1 -->
