<?xml version="1.0" encoding="UTF-8"?>
<!-- Generated by org.testng.reporters.JUnitReportReporter -->
<testsuite hostname="LAPTOP-KLN5B24I" failures="0" tests="1" name="scripts.Testcase4" time="48.380" errors="0" timestamp="2022-03-02T12:01:59 IST" skipped="0">
  <testcase classname="scripts.Testcase4" name="TC4" time="48.380"/>
  <system-out/>
</testsuite> <!-- scripts.Testcase4 -->
